::1 - - [16/Apr/2022:11:39:18 +0000] "GET / HTTP/1.1" 304 - "-" "Mozilla/5.0 (Macintosh; Intel Mac OS X 10_14_6) AppleWebKit/605.1.15 (KHTML, like Gecko) Version/12.1.2 Safari/605.1.15"
::1 - - [17/Apr/2022:09:09:23 +0000] "GET / HTTP/1.1" 304 - "-" "Mozilla/5.0 (Macintosh; Intel Mac OS X 10_14_6) AppleWebKit/605.1.15 (KHTML, like Gecko) Version/12.1.2 Safari/605.1.15"
::1 - - [17/Apr/2022:09:09:23 +0000] "GET /css/style.css HTTP/1.1" 304 - "http://localhost:3700/" "Mozilla/5.0 (Macintosh; Intel Mac OS X 10_14_6) AppleWebKit/605.1.15 (KHTML, like Gecko) Version/12.1.2 Safari/605.1.15"
::1 - - [17/Apr/2022:09:09:23 +0000] "GET /images/logo_wgs.png HTTP/1.1" 304 - "http://localhost:3700/" "Mozilla/5.0 (Macintosh; Intel Mac OS X 10_14_6) AppleWebKit/605.1.15 (KHTML, like Gecko) Version/12.1.2 Safari/605.1.15"
::1 - - [17/Apr/2022:09:09:23 +0000] "GET /images/logo3.jpg HTTP/1.1" 304 - "http://localhost:3700/" "Mozilla/5.0 (Macintosh; Intel Mac OS X 10_14_6) AppleWebKit/605.1.15 (KHTML, like Gecko) Version/12.1.2 Safari/605.1.15"
::1 - - [17/Apr/2022:09:09:23 +0000] "GET /images/logo3.jpg HTTP/1.1" 304 - "http://localhost:3700/" "Mozilla/5.0 (Macintosh; Intel Mac OS X 10_14_6) AppleWebKit/605.1.15 (KHTML, like Gecko) Version/12.1.2 Safari/605.1.15"
::1 - - [17/Apr/2022:09:09:29 +0000] "GET /css/style.css HTTP/1.1" 304 - "http://localhost:3700/" "Mozilla/5.0 (Macintosh; Intel Mac OS X 10_14_6) AppleWebKit/605.1.15 (KHTML, like Gecko) Version/12.1.2 Safari/605.1.15"
::1 - - [17/Apr/2022:09:09:29 +0000] "GET /images/logo_wgs.png HTTP/1.1" 304 - "http://localhost:3700/" "Mozilla/5.0 (Macintosh; Intel Mac OS X 10_14_6) AppleWebKit/605.1.15 (KHTML, like Gecko) Version/12.1.2 Safari/605.1.15"
::1 - - [17/Apr/2022:09:09:29 +0000] "GET /images/logo3.jpg HTTP/1.1" 304 - "http://localhost:3700/" "Mozilla/5.0 (Macintosh; Intel Mac OS X 10_14_6) AppleWebKit/605.1.15 (KHTML, like Gecko) Version/12.1.2 Safari/605.1.15"
::1 - - [17/Apr/2022:09:09:29 +0000] "GET / HTTP/1.1" 304 - "-" "Mozilla/5.0 (Macintosh; Intel Mac OS X 10_14_6) AppleWebKit/605.1.15 (KHTML, like Gecko) Version/12.1.2 Safari/605.1.15"
::1 - - [17/Apr/2022:09:09:30 +0000] "GET /home HTTP/1.1" 304 - "-" "Mozilla/5.0 (Macintosh; Intel Mac OS X 10_14_6) AppleWebKit/605.1.15 (KHTML, like Gecko) Version/12.1.2 Safari/605.1.15"
::1 - - [17/Apr/2022:09:09:30 +0000] "GET /css/style.css HTTP/1.1" 304 - "http://localhost:3700/home" "Mozilla/5.0 (Macintosh; Intel Mac OS X 10_14_6) AppleWebKit/605.1.15 (KHTML, like Gecko) Version/12.1.2 Safari/605.1.15"
::1 - - [17/Apr/2022:09:09:30 +0000] "GET /images/logo3.jpg HTTP/1.1" 304 - "http://localhost:3700/home" "Mozilla/5.0 (Macintosh; Intel Mac OS X 10_14_6) AppleWebKit/605.1.15 (KHTML, like Gecko) Version/12.1.2 Safari/605.1.15"
::1 - - [17/Apr/2022:09:09:31 +0000] "GET /css/style.css HTTP/1.1" 304 - "http://localhost:3700/home" "Mozilla/5.0 (Macintosh; Intel Mac OS X 10_14_6) AppleWebKit/605.1.15 (KHTML, like Gecko) Version/12.1.2 Safari/605.1.15"
::1 - - [17/Apr/2022:09:09:31 +0000] "GET /images/logo3.jpg HTTP/1.1" 304 - "http://localhost:3700/home" "Mozilla/5.0 (Macintosh; Intel Mac OS X 10_14_6) AppleWebKit/605.1.15 (KHTML, like Gecko) Version/12.1.2 Safari/605.1.15"
::1 - - [17/Apr/2022:09:09:31 +0000] "GET /home HTTP/1.1" 304 - "-" "Mozilla/5.0 (Macintosh; Intel Mac OS X 10_14_6) AppleWebKit/605.1.15 (KHTML, like Gecko) Version/12.1.2 Safari/605.1.15"
::1 - - [17/Apr/2022:09:09:31 +0000] "GET /css/style.css HTTP/1.1" 304 - "http://localhost:3700/home" "Mozilla/5.0 (Macintosh; Intel Mac OS X 10_14_6) AppleWebKit/605.1.15 (KHTML, like Gecko) Version/12.1.2 Safari/605.1.15"
::1 - - [17/Apr/2022:09:09:31 +0000] "GET /images/logo3.jpg HTTP/1.1" 304 - "http://localhost:3700/home" "Mozilla/5.0 (Macintosh; Intel Mac OS X 10_14_6) AppleWebKit/605.1.15 (KHTML, like Gecko) Version/12.1.2 Safari/605.1.15"
::1 - - [17/Apr/2022:09:09:37 +0000] "GET /home HTTP/1.1" 304 - "-" "Mozilla/5.0 (Macintosh; Intel Mac OS X 10_14_6) AppleWebKit/605.1.15 (KHTML, like Gecko) Version/12.1.2 Safari/605.1.15"
::1 - - [17/Apr/2022:09:09:37 +0000] "GET / HTTP/1.1" 304 - "-" "Mozilla/5.0 (Macintosh; Intel Mac OS X 10_14_6) AppleWebKit/605.1.15 (KHTML, like Gecko) Version/12.1.2 Safari/605.1.15"
::1 - - [17/Apr/2022:09:09:37 +0000] "GET /css/style.css HTTP/1.1" 304 - "http://localhost:3700/" "Mozilla/5.0 (Macintosh; Intel Mac OS X 10_14_6) AppleWebKit/605.1.15 (KHTML, like Gecko) Version/12.1.2 Safari/605.1.15"
::1 - - [17/Apr/2022:09:09:37 +0000] "GET /images/logo_wgs.png HTTP/1.1" 304 - "http://localhost:3700/" "Mozilla/5.0 (Macintosh; Intel Mac OS X 10_14_6) AppleWebKit/605.1.15 (KHTML, like Gecko) Version/12.1.2 Safari/605.1.15"
::1 - - [17/Apr/2022:09:09:37 +0000] "GET /images/logo3.jpg HTTP/1.1" 304 - "http://localhost:3700/" "Mozilla/5.0 (Macintosh; Intel Mac OS X 10_14_6) AppleWebKit/605.1.15 (KHTML, like Gecko) Version/12.1.2 Safari/605.1.15"
::1 - - [17/Apr/2022:09:09:38 +0000] "GET /informasi_user HTTP/1.1" 304 - "-" "Mozilla/5.0 (Macintosh; Intel Mac OS X 10_14_6) AppleWebKit/605.1.15 (KHTML, like Gecko) Version/12.1.2 Safari/605.1.15"
::1 - - [17/Apr/2022:09:09:38 +0000] "GET /css/style.css HTTP/1.1" 304 - "http://localhost:3700/informasi_user" "Mozilla/5.0 (Macintosh; Intel Mac OS X 10_14_6) AppleWebKit/605.1.15 (KHTML, like Gecko) Version/12.1.2 Safari/605.1.15"
::1 - - [17/Apr/2022:09:09:38 +0000] "GET /images/logo3.jpg HTTP/1.1" 304 - "http://localhost:3700/informasi_user" "Mozilla/5.0 (Macintosh; Intel Mac OS X 10_14_6) AppleWebKit/605.1.15 (KHTML, like Gecko) Version/12.1.2 Safari/605.1.15"
::1 - - [17/Apr/2022:09:09:39 +0000] "GET /informasi_user HTTP/1.1" 304 - "-" "Mozilla/5.0 (Macintosh; Intel Mac OS X 10_14_6) AppleWebKit/605.1.15 (KHTML, like Gecko) Version/12.1.2 Safari/605.1.15"
::1 - - [17/Apr/2022:09:09:39 +0000] "GET /css/style.css HTTP/1.1" 304 - "http://localhost:3700/informasi_user" "Mozilla/5.0 (Macintosh; Intel Mac OS X 10_14_6) AppleWebKit/605.1.15 (KHTML, like Gecko) Version/12.1.2 Safari/605.1.15"
::1 - - [17/Apr/2022:09:09:39 +0000] "GET /images/logo3.jpg HTTP/1.1" 304 - "http://localhost:3700/informasi_user" "Mozilla/5.0 (Macintosh; Intel Mac OS X 10_14_6) AppleWebKit/605.1.15 (KHTML, like Gecko) Version/12.1.2 Safari/605.1.15"
::1 - - [17/Apr/2022:09:10:30 +0000] "GET /public/images/logo.jpg HTTP/1.1" - - "http://localhost:3700/home" "Mozilla/5.0 (Macintosh; Intel Mac OS X 10_14_6) AppleWebKit/605.1.15 (KHTML, like Gecko) Version/12.1.2 Safari/605.1.15"
::1 - - [17/Apr/2022:09:13:28 +0000] "GET / HTTP/1.1" 304 - "-" "Mozilla/5.0 (Macintosh; Intel Mac OS X 10_14_6) AppleWebKit/605.1.15 (KHTML, like Gecko) Version/12.1.2 Safari/605.1.15"
::1 - - [17/Apr/2022:09:13:28 +0000] "GET /images/logo_wgs.png HTTP/1.1" 304 - "http://localhost:3700/" "Mozilla/5.0 (Macintosh; Intel Mac OS X 10_14_6) AppleWebKit/605.1.15 (KHTML, like Gecko) Version/12.1.2 Safari/605.1.15"
::1 - - [17/Apr/2022:09:13:28 +0000] "GET /css/style.css HTTP/1.1" 304 - "http://localhost:3700/" "Mozilla/5.0 (Macintosh; Intel Mac OS X 10_14_6) AppleWebKit/605.1.15 (KHTML, like Gecko) Version/12.1.2 Safari/605.1.15"
::1 - - [17/Apr/2022:09:13:28 +0000] "GET /images/logo3.jpg HTTP/1.1" 304 - "http://localhost:3700/" "Mozilla/5.0 (Macintosh; Intel Mac OS X 10_14_6) AppleWebKit/605.1.15 (KHTML, like Gecko) Version/12.1.2 Safari/605.1.15"
::1 - - [17/Apr/2022:09:13:28 +0000] "GET /images/logo3.jpg HTTP/1.1" 304 - "http://localhost:3700/" "Mozilla/5.0 (Macintosh; Intel Mac OS X 10_14_6) AppleWebKit/605.1.15 (KHTML, like Gecko) Version/12.1.2 Safari/605.1.15"
::1 - - [17/Apr/2022:09:13:35 +0000] "GET /css/style.css HTTP/1.1" 304 - "http://localhost:3700/admin_page" "Mozilla/5.0 (Macintosh; Intel Mac OS X 10_14_6) AppleWebKit/605.1.15 (KHTML, like Gecko) Version/12.1.2 Safari/605.1.15"
::1 - - [17/Apr/2022:09:13:35 +0000] "GET /admin_page HTTP/1.1" 304 - "-" "Mozilla/5.0 (Macintosh; Intel Mac OS X 10_14_6) AppleWebKit/605.1.15 (KHTML, like Gecko) Version/12.1.2 Safari/605.1.15"
::1 - - [17/Apr/2022:09:13:35 +0000] "GET /css/style.css HTTP/1.1" 304 - "http://localhost:3700/admin_page" "Mozilla/5.0 (Macintosh; Intel Mac OS X 10_14_6) AppleWebKit/605.1.15 (KHTML, like Gecko) Version/12.1.2 Safari/605.1.15"
::1 - - [17/Apr/2022:09:13:46 +0000] "GET /admin/tambah_user HTTP/1.1" 200 5266 "http://localhost:3700/admin_page" "Mozilla/5.0 (Macintosh; Intel Mac OS X 10_14_6) AppleWebKit/605.1.15 (KHTML, like Gecko) Version/12.1.2 Safari/605.1.15"
::1 - - [17/Apr/2022:09:13:46 +0000] "GET /css/style.css HTTP/1.1" 304 - "http://localhost:3700/admin/tambah_user" "Mozilla/5.0 (Macintosh; Intel Mac OS X 10_14_6) AppleWebKit/605.1.15 (KHTML, like Gecko) Version/12.1.2 Safari/605.1.15"
::1 - - [17/Apr/2022:09:13:46 +0000] "GET /images/logo_wgs.png HTTP/1.1" 304 - "http://localhost:3700/admin/tambah_user" "Mozilla/5.0 (Macintosh; Intel Mac OS X 10_14_6) AppleWebKit/605.1.15 (KHTML, like Gecko) Version/12.1.2 Safari/605.1.15"
::1 - - [17/Apr/2022:09:13:46 +0000] "GET /images/logo3.jpg HTTP/1.1" 304 - "http://localhost:3700/admin/tambah_user" "Mozilla/5.0 (Macintosh; Intel Mac OS X 10_14_6) AppleWebKit/605.1.15 (KHTML, like Gecko) Version/12.1.2 Safari/605.1.15"
::1 - - [17/Apr/2022:09:13:49 +0000] "GET /admin/images/logo_wgs.png HTTP/1.1" - - "http://localhost:3700/admin/tambah_user" "Mozilla/5.0 (Macintosh; Intel Mac OS X 10_14_6) AppleWebKit/605.1.15 (KHTML, like Gecko) Version/12.1.2 Safari/605.1.15"
::1 - - [17/Apr/2022:09:13:51 +0000] "GET /admin/barang HTTP/1.1" 304 - "http://localhost:3700/admin_page" "Mozilla/5.0 (Macintosh; Intel Mac OS X 10_14_6) AppleWebKit/605.1.15 (KHTML, like Gecko) Version/12.1.2 Safari/605.1.15"
::1 - - [17/Apr/2022:09:13:51 +0000] "GET /images/logo3.jpg HTTP/1.1" 304 - "http://localhost:3700/admin/barang" "Mozilla/5.0 (Macintosh; Intel Mac OS X 10_14_6) AppleWebKit/605.1.15 (KHTML, like Gecko) Version/12.1.2 Safari/605.1.15"
::1 - - [17/Apr/2022:09:13:51 +0000] "GET /css/style.css HTTP/1.1" 304 - "http://localhost:3700/admin/barang" "Mozilla/5.0 (Macintosh; Intel Mac OS X 10_14_6) AppleWebKit/605.1.15 (KHTML, like Gecko) Version/12.1.2 Safari/605.1.15"
::1 - - [17/Apr/2022:09:13:56 +0000] "GET /home HTTP/1.1" 302 66 "http://localhost:3700/admin/barang" "Mozilla/5.0 (Macintosh; Intel Mac OS X 10_14_6) AppleWebKit/605.1.15 (KHTML, like Gecko) Version/12.1.2 Safari/605.1.15"
::1 - - [17/Apr/2022:09:13:56 +0000] "GET /login/auth HTTP/1.1" 500 1704 "http://localhost:3700/admin/barang" "Mozilla/5.0 (Macintosh; Intel Mac OS X 10_14_6) AppleWebKit/605.1.15 (KHTML, like Gecko) Version/12.1.2 Safari/605.1.15"
::1 - - [17/Apr/2022:09:14:04 +0000] "GET /home HTTP/1.1" 302 66 "http://localhost:3700/admin/barang" "Mozilla/5.0 (Macintosh; Intel Mac OS X 10_14_6) AppleWebKit/605.1.15 (KHTML, like Gecko) Version/12.1.2 Safari/605.1.15"
::1 - - [17/Apr/2022:09:14:04 +0000] "GET /login/auth HTTP/1.1" 500 1704 "http://localhost:3700/admin/barang" "Mozilla/5.0 (Macintosh; Intel Mac OS X 10_14_6) AppleWebKit/605.1.15 (KHTML, like Gecko) Version/12.1.2 Safari/605.1.15"
::1 - - [17/Apr/2022:09:14:12 +0000] "GET /informasi_user HTTP/1.1" 304 - "http://localhost:3700/admin/barang" "Mozilla/5.0 (Macintosh; Intel Mac OS X 10_14_6) AppleWebKit/605.1.15 (KHTML, like Gecko) Version/12.1.2 Safari/605.1.15"
::1 - - [17/Apr/2022:09:14:12 +0000] "GET /css/style.css HTTP/1.1" 304 - "http://localhost:3700/informasi_user" "Mozilla/5.0 (Macintosh; Intel Mac OS X 10_14_6) AppleWebKit/605.1.15 (KHTML, like Gecko) Version/12.1.2 Safari/605.1.15"
::1 - - [17/Apr/2022:09:14:12 +0000] "GET /images/logo3.jpg HTTP/1.1" 304 - "http://localhost:3700/informasi_user" "Mozilla/5.0 (Macintosh; Intel Mac OS X 10_14_6) AppleWebKit/605.1.15 (KHTML, like Gecko) Version/12.1.2 Safari/605.1.15"
::1 - - [17/Apr/2022:09:14:13 +0000] "GET /barang HTTP/1.1" 304 - "http://localhost:3700/informasi_user" "Mozilla/5.0 (Macintosh; Intel Mac OS X 10_14_6) AppleWebKit/605.1.15 (KHTML, like Gecko) Version/12.1.2 Safari/605.1.15"
::1 - - [17/Apr/2022:09:14:13 +0000] "GET /images/logo3.jpg HTTP/1.1" 304 - "http://localhost:3700/barang" "Mozilla/5.0 (Macintosh; Intel Mac OS X 10_14_6) AppleWebKit/605.1.15 (KHTML, like Gecko) Version/12.1.2 Safari/605.1.15"
::1 - - [17/Apr/2022:09:14:13 +0000] "GET /css/style.css HTTP/1.1" 304 - "http://localhost:3700/barang" "Mozilla/5.0 (Macintosh; Intel Mac OS X 10_14_6) AppleWebKit/605.1.15 (KHTML, like Gecko) Version/12.1.2 Safari/605.1.15"
::1 - - [17/Apr/2022:09:14:14 +0000] "GET /login_admin HTTP/1.1" 304 - "http://localhost:3700/barang" "Mozilla/5.0 (Macintosh; Intel Mac OS X 10_14_6) AppleWebKit/605.1.15 (KHTML, like Gecko) Version/12.1.2 Safari/605.1.15"
::1 - - [17/Apr/2022:09:14:14 +0000] "GET /css/style.css HTTP/1.1" 304 - "http://localhost:3700/login_admin" "Mozilla/5.0 (Macintosh; Intel Mac OS X 10_14_6) AppleWebKit/605.1.15 (KHTML, like Gecko) Version/12.1.2 Safari/605.1.15"
::1 - - [17/Apr/2022:09:14:14 +0000] "GET /images/logo3.jpg HTTP/1.1" 304 - "http://localhost:3700/login_admin" "Mozilla/5.0 (Macintosh; Intel Mac OS X 10_14_6) AppleWebKit/605.1.15 (KHTML, like Gecko) Version/12.1.2 Safari/605.1.15"
::1 - - [17/Apr/2022:09:14:14 +0000] "GET /images/logo_wgs.png HTTP/1.1" 304 - "http://localhost:3700/login_admin" "Mozilla/5.0 (Macintosh; Intel Mac OS X 10_14_6) AppleWebKit/605.1.15 (KHTML, like Gecko) Version/12.1.2 Safari/605.1.15"
::1 - - [17/Apr/2022:09:14:18 +0000] "GET /home HTTP/1.1" 302 66 "http://localhost:3700/barang" "Mozilla/5.0 (Macintosh; Intel Mac OS X 10_14_6) AppleWebKit/605.1.15 (KHTML, like Gecko) Version/12.1.2 Safari/605.1.15"
::1 - - [17/Apr/2022:09:14:18 +0000] "GET /login/auth HTTP/1.1" 500 1704 "http://localhost:3700/barang" "Mozilla/5.0 (Macintosh; Intel Mac OS X 10_14_6) AppleWebKit/605.1.15 (KHTML, like Gecko) Version/12.1.2 Safari/605.1.15"
::1 - - [17/Apr/2022:09:14:57 +0000] "GET /public/images/logo.jpg HTTP/1.1" - - "http://localhost:3700/home" "Mozilla/5.0 (Macintosh; Intel Mac OS X 10_14_6) AppleWebKit/605.1.15 (KHTML, like Gecko) Version/12.1.2 Safari/605.1.15"
::1 - - [17/Apr/2022:09:16:09 +0000] "GET /informasi_user HTTP/1.1" 304 - "http://localhost:3700/barang" "Mozilla/5.0 (Macintosh; Intel Mac OS X 10_14_6) AppleWebKit/605.1.15 (KHTML, like Gecko) Version/12.1.2 Safari/605.1.15"
::1 - - [17/Apr/2022:09:16:09 +0000] "GET /images/logo3.jpg HTTP/1.1" 304 - "http://localhost:3700/informasi_user" "Mozilla/5.0 (Macintosh; Intel Mac OS X 10_14_6) AppleWebKit/605.1.15 (KHTML, like Gecko) Version/12.1.2 Safari/605.1.15"
::1 - - [17/Apr/2022:09:16:09 +0000] "GET /css/style.css HTTP/1.1" 304 - "http://localhost:3700/informasi_user" "Mozilla/5.0 (Macintosh; Intel Mac OS X 10_14_6) AppleWebKit/605.1.15 (KHTML, like Gecko) Version/12.1.2 Safari/605.1.15"
::1 - - [17/Apr/2022:09:16:10 +0000] "GET /home HTTP/1.1" 302 66 "http://localhost:3700/informasi_user" "Mozilla/5.0 (Macintosh; Intel Mac OS X 10_14_6) AppleWebKit/605.1.15 (KHTML, like Gecko) Version/12.1.2 Safari/605.1.15"
::1 - - [17/Apr/2022:09:16:10 +0000] "GET /login/auth HTTP/1.1" 500 1704 "http://localhost:3700/informasi_user" "Mozilla/5.0 (Macintosh; Intel Mac OS X 10_14_6) AppleWebKit/605.1.15 (KHTML, like Gecko) Version/12.1.2 Safari/605.1.15"
::1 - - [17/Apr/2022:09:17:10 +0000] "GET /public/images/logo.jpg HTTP/1.1" - - "http://localhost:3700/home" "Mozilla/5.0 (Macintosh; Intel Mac OS X 10_14_6) AppleWebKit/605.1.15 (KHTML, like Gecko) Version/12.1.2 Safari/605.1.15"
::1 - - [17/Apr/2022:09:17:42 +0000] "GET /barang HTTP/1.1" 200 5988 "http://localhost:3700/informasi_user" "Mozilla/5.0 (Macintosh; Intel Mac OS X 10_14_6) AppleWebKit/605.1.15 (KHTML, like Gecko) Version/12.1.2 Safari/605.1.15"
::1 - - [17/Apr/2022:09:17:42 +0000] "GET /css/style.css HTTP/1.1" 304 - "http://localhost:3700/barang" "Mozilla/5.0 (Macintosh; Intel Mac OS X 10_14_6) AppleWebKit/605.1.15 (KHTML, like Gecko) Version/12.1.2 Safari/605.1.15"
::1 - - [17/Apr/2022:09:17:42 +0000] "GET /images/logo3.jpg HTTP/1.1" 304 - "http://localhost:3700/barang" "Mozilla/5.0 (Macintosh; Intel Mac OS X 10_14_6) AppleWebKit/605.1.15 (KHTML, like Gecko) Version/12.1.2 Safari/605.1.15"
::1 - - [17/Apr/2022:09:17:43 +0000] "GET /informasi_user HTTP/1.1" 200 4855 "http://localhost:3700/barang" "Mozilla/5.0 (Macintosh; Intel Mac OS X 10_14_6) AppleWebKit/605.1.15 (KHTML, like Gecko) Version/12.1.2 Safari/605.1.15"
::1 - - [17/Apr/2022:09:17:43 +0000] "GET /css/style.css HTTP/1.1" 304 - "http://localhost:3700/informasi_user" "Mozilla/5.0 (Macintosh; Intel Mac OS X 10_14_6) AppleWebKit/605.1.15 (KHTML, like Gecko) Version/12.1.2 Safari/605.1.15"
::1 - - [17/Apr/2022:09:17:43 +0000] "GET /images/logo3.jpg HTTP/1.1" 304 - "http://localhost:3700/informasi_user" "Mozilla/5.0 (Macintosh; Intel Mac OS X 10_14_6) AppleWebKit/605.1.15 (KHTML, like Gecko) Version/12.1.2 Safari/605.1.15"
::1 - - [17/Apr/2022:09:17:44 +0000] "GET /home HTTP/1.1" 302 66 "http://localhost:3700/informasi_user" "Mozilla/5.0 (Macintosh; Intel Mac OS X 10_14_6) AppleWebKit/605.1.15 (KHTML, like Gecko) Version/12.1.2 Safari/605.1.15"
::1 - - [17/Apr/2022:09:17:44 +0000] "GET /login/auth HTTP/1.1" 500 1704 "http://localhost:3700/informasi_user" "Mozilla/5.0 (Macintosh; Intel Mac OS X 10_14_6) AppleWebKit/605.1.15 (KHTML, like Gecko) Version/12.1.2 Safari/605.1.15"
::1 - - [17/Apr/2022:09:18:23 +0000] "GET /informasi_user HTTP/1.1" 304 - "http://localhost:3700/barang" "Mozilla/5.0 (Macintosh; Intel Mac OS X 10_14_6) AppleWebKit/605.1.15 (KHTML, like Gecko) Version/12.1.2 Safari/605.1.15"
::1 - - [17/Apr/2022:09:18:23 +0000] "GET /css/style.css HTTP/1.1" 304 - "http://localhost:3700/informasi_user" "Mozilla/5.0 (Macintosh; Intel Mac OS X 10_14_6) AppleWebKit/605.1.15 (KHTML, like Gecko) Version/12.1.2 Safari/605.1.15"
::1 - - [17/Apr/2022:09:18:23 +0000] "GET /images/logo3.jpg HTTP/1.1" 304 - "http://localhost:3700/informasi_user" "Mozilla/5.0 (Macintosh; Intel Mac OS X 10_14_6) AppleWebKit/605.1.15 (KHTML, like Gecko) Version/12.1.2 Safari/605.1.15"
::1 - - [17/Apr/2022:09:18:23 +0000] "GET /barang HTTP/1.1" 304 - "http://localhost:3700/informasi_user" "Mozilla/5.0 (Macintosh; Intel Mac OS X 10_14_6) AppleWebKit/605.1.15 (KHTML, like Gecko) Version/12.1.2 Safari/605.1.15"
::1 - - [17/Apr/2022:09:18:23 +0000] "GET /css/style.css HTTP/1.1" 304 - "http://localhost:3700/barang" "Mozilla/5.0 (Macintosh; Intel Mac OS X 10_14_6) AppleWebKit/605.1.15 (KHTML, like Gecko) Version/12.1.2 Safari/605.1.15"
::1 - - [17/Apr/2022:09:18:23 +0000] "GET /images/logo3.jpg HTTP/1.1" 304 - "http://localhost:3700/barang" "Mozilla/5.0 (Macintosh; Intel Mac OS X 10_14_6) AppleWebKit/605.1.15 (KHTML, like Gecko) Version/12.1.2 Safari/605.1.15"
::1 - - [17/Apr/2022:09:18:24 +0000] "GET /home HTTP/1.1" 200 3411 "http://localhost:3700/barang" "Mozilla/5.0 (Macintosh; Intel Mac OS X 10_14_6) AppleWebKit/605.1.15 (KHTML, like Gecko) Version/12.1.2 Safari/605.1.15"
::1 - - [17/Apr/2022:09:18:24 +0000] "GET /css/style.css HTTP/1.1" 304 - "http://localhost:3700/home" "Mozilla/5.0 (Macintosh; Intel Mac OS X 10_14_6) AppleWebKit/605.1.15 (KHTML, like Gecko) Version/12.1.2 Safari/605.1.15"
::1 - - [17/Apr/2022:09:18:24 +0000] "GET /images/logo3.jpg HTTP/1.1" 304 - "http://localhost:3700/home" "Mozilla/5.0 (Macintosh; Intel Mac OS X 10_14_6) AppleWebKit/605.1.15 (KHTML, like Gecko) Version/12.1.2 Safari/605.1.15"
::1 - - [17/Apr/2022:09:18:34 +0000] "GET /informasi_user HTTP/1.1" 304 - "http://localhost:3700/home" "Mozilla/5.0 (Macintosh; Intel Mac OS X 10_14_6) AppleWebKit/605.1.15 (KHTML, like Gecko) Version/12.1.2 Safari/605.1.15"
::1 - - [17/Apr/2022:09:18:34 +0000] "GET /images/logo3.jpg HTTP/1.1" 304 - "http://localhost:3700/informasi_user" "Mozilla/5.0 (Macintosh; Intel Mac OS X 10_14_6) AppleWebKit/605.1.15 (KHTML, like Gecko) Version/12.1.2 Safari/605.1.15"
::1 - - [17/Apr/2022:09:18:34 +0000] "GET /css/style.css HTTP/1.1" 304 - "http://localhost:3700/informasi_user" "Mozilla/5.0 (Macintosh; Intel Mac OS X 10_14_6) AppleWebKit/605.1.15 (KHTML, like Gecko) Version/12.1.2 Safari/605.1.15"
::1 - - [17/Apr/2022:09:18:34 +0000] "GET /home HTTP/1.1" 304 - "http://localhost:3700/informasi_user" "Mozilla/5.0 (Macintosh; Intel Mac OS X 10_14_6) AppleWebKit/605.1.15 (KHTML, like Gecko) Version/12.1.2 Safari/605.1.15"
::1 - - [17/Apr/2022:09:18:34 +0000] "GET /css/style.css HTTP/1.1" 304 - "http://localhost:3700/home" "Mozilla/5.0 (Macintosh; Intel Mac OS X 10_14_6) AppleWebKit/605.1.15 (KHTML, like Gecko) Version/12.1.2 Safari/605.1.15"
::1 - - [17/Apr/2022:09:18:34 +0000] "GET /images/logo3.jpg HTTP/1.1" 304 - "http://localhost:3700/home" "Mozilla/5.0 (Macintosh; Intel Mac OS X 10_14_6) AppleWebKit/605.1.15 (KHTML, like Gecko) Version/12.1.2 Safari/605.1.15"
::1 - - [17/Apr/2022:09:18:35 +0000] "GET /informasi_user HTTP/1.1" 304 - "http://localhost:3700/home" "Mozilla/5.0 (Macintosh; Intel Mac OS X 10_14_6) AppleWebKit/605.1.15 (KHTML, like Gecko) Version/12.1.2 Safari/605.1.15"
::1 - - [17/Apr/2022:09:18:35 +0000] "GET /css/style.css HTTP/1.1" 304 - "http://localhost:3700/informasi_user" "Mozilla/5.0 (Macintosh; Intel Mac OS X 10_14_6) AppleWebKit/605.1.15 (KHTML, like Gecko) Version/12.1.2 Safari/605.1.15"
::1 - - [17/Apr/2022:09:18:35 +0000] "GET /images/logo3.jpg HTTP/1.1" 304 - "http://localhost:3700/informasi_user" "Mozilla/5.0 (Macintosh; Intel Mac OS X 10_14_6) AppleWebKit/605.1.15 (KHTML, like Gecko) Version/12.1.2 Safari/605.1.15"
::1 - - [17/Apr/2022:09:19:25 +0000] "GET /public/images/logo.jpg HTTP/1.1" - - "http://localhost:3700/home" "Mozilla/5.0 (Macintosh; Intel Mac OS X 10_14_6) AppleWebKit/605.1.15 (KHTML, like Gecko) Version/12.1.2 Safari/605.1.15"
::1 - - [17/Apr/2022:09:21:57 +0000] "GET / HTTP/1.1" 304 - "-" "Mozilla/5.0 (Macintosh; Intel Mac OS X 10_14_6) AppleWebKit/605.1.15 (KHTML, like Gecko) Version/12.1.2 Safari/605.1.15"
::1 - - [17/Apr/2022:09:21:57 +0000] "GET /css/style.css HTTP/1.1" 304 - "http://localhost:3700/" "Mozilla/5.0 (Macintosh; Intel Mac OS X 10_14_6) AppleWebKit/605.1.15 (KHTML, like Gecko) Version/12.1.2 Safari/605.1.15"
::1 - - [17/Apr/2022:09:21:57 +0000] "GET /images/logo_wgs.png HTTP/1.1" 304 - "http://localhost:3700/" "Mozilla/5.0 (Macintosh; Intel Mac OS X 10_14_6) AppleWebKit/605.1.15 (KHTML, like Gecko) Version/12.1.2 Safari/605.1.15"
::1 - - [17/Apr/2022:09:21:57 +0000] "GET /images/logo3.jpg HTTP/1.1" 304 - "http://localhost:3700/" "Mozilla/5.0 (Macintosh; Intel Mac OS X 10_14_6) AppleWebKit/605.1.15 (KHTML, like Gecko) Version/12.1.2 Safari/605.1.15"
::1 - - [17/Apr/2022:09:22:00 +0000] "GET /images/logo_wgs.png HTTP/1.1" 304 - "http://localhost:3700/" "Mozilla/5.0 (Macintosh; Intel Mac OS X 10_14_6) AppleWebKit/605.1.15 (KHTML, like Gecko) Version/12.1.2 Safari/605.1.15"
::1 - - [17/Apr/2022:09:22:00 +0000] "GET /css/style.css HTTP/1.1" 304 - "http://localhost:3700/" "Mozilla/5.0 (Macintosh; Intel Mac OS X 10_14_6) AppleWebKit/605.1.15 (KHTML, like Gecko) Version/12.1.2 Safari/605.1.15"
::1 - - [17/Apr/2022:09:22:00 +0000] "GET /images/logo3.jpg HTTP/1.1" 304 - "http://localhost:3700/" "Mozilla/5.0 (Macintosh; Intel Mac OS X 10_14_6) AppleWebKit/605.1.15 (KHTML, like Gecko) Version/12.1.2 Safari/605.1.15"
::1 - - [17/Apr/2022:09:22:00 +0000] "GET / HTTP/1.1" 304 - "-" "Mozilla/5.0 (Macintosh; Intel Mac OS X 10_14_6) AppleWebKit/605.1.15 (KHTML, like Gecko) Version/12.1.2 Safari/605.1.15"
::1 - - [17/Apr/2022:09:22:01 +0000] "GET /dashboard HTTP/1.1" - - "-" "Mozilla/5.0 (Macintosh; Intel Mac OS X 10_14_6) AppleWebKit/605.1.15 (KHTML, like Gecko) Version/12.1.2 Safari/605.1.15"
::1 - - [17/Apr/2022:09:22:02 +0000] "GET /dashboard HTTP/1.1" - - "-" "Mozilla/5.0 (Macintosh; Intel Mac OS X 10_14_6) AppleWebKit/605.1.15 (KHTML, like Gecko) Version/12.1.2 Safari/605.1.15"
::1 - - [17/Apr/2022:09:22:03 +0000] "GET /css/style.css HTTP/1.1" 304 - "http://localhost:3700/" "Mozilla/5.0 (Macintosh; Intel Mac OS X 10_14_6) AppleWebKit/605.1.15 (KHTML, like Gecko) Version/12.1.2 Safari/605.1.15"
::1 - - [17/Apr/2022:09:22:03 +0000] "GET /images/logo_wgs.png HTTP/1.1" 304 - "http://localhost:3700/" "Mozilla/5.0 (Macintosh; Intel Mac OS X 10_14_6) AppleWebKit/605.1.15 (KHTML, like Gecko) Version/12.1.2 Safari/605.1.15"
::1 - - [17/Apr/2022:09:22:03 +0000] "GET /images/logo3.jpg HTTP/1.1" 304 - "http://localhost:3700/" "Mozilla/5.0 (Macintosh; Intel Mac OS X 10_14_6) AppleWebKit/605.1.15 (KHTML, like Gecko) Version/12.1.2 Safari/605.1.15"
::1 - - [17/Apr/2022:09:22:03 +0000] "GET / HTTP/1.1" 304 - "-" "Mozilla/5.0 (Macintosh; Intel Mac OS X 10_14_6) AppleWebKit/605.1.15 (KHTML, like Gecko) Version/12.1.2 Safari/605.1.15"
::1 - - [17/Apr/2022:09:22:03 +0000] "GET /css/style.css HTTP/1.1" 304 - "http://localhost:3700/admin_page" "Mozilla/5.0 (Macintosh; Intel Mac OS X 10_14_6) AppleWebKit/605.1.15 (KHTML, like Gecko) Version/12.1.2 Safari/605.1.15"
::1 - - [17/Apr/2022:09:22:03 +0000] "GET /admin_page HTTP/1.1" 304 - "-" "Mozilla/5.0 (Macintosh; Intel Mac OS X 10_14_6) AppleWebKit/605.1.15 (KHTML, like Gecko) Version/12.1.2 Safari/605.1.15"
::1 - - [17/Apr/2022:09:22:03 +0000] "GET /css/style.css HTTP/1.1" 304 - "http://localhost:3700/admin_page" "Mozilla/5.0 (Macintosh; Intel Mac OS X 10_14_6) AppleWebKit/605.1.15 (KHTML, like Gecko) Version/12.1.2 Safari/605.1.15"
::1 - - [17/Apr/2022:09:22:03 +0000] "GET /css/style.css HTTP/1.1" 304 - "http://localhost:3700/admin_page" "Mozilla/5.0 (Macintosh; Intel Mac OS X 10_14_6) AppleWebKit/605.1.15 (KHTML, like Gecko) Version/12.1.2 Safari/605.1.15"
::1 - - [17/Apr/2022:09:22:03 +0000] "GET /admin_page HTTP/1.1" 304 - "-" "Mozilla/5.0 (Macintosh; Intel Mac OS X 10_14_6) AppleWebKit/605.1.15 (KHTML, like Gecko) Version/12.1.2 Safari/605.1.15"
::1 - - [17/Apr/2022:09:22:03 +0000] "GET /css/style.css HTTP/1.1" 304 - "http://localhost:3700/admin_page" "Mozilla/5.0 (Macintosh; Intel Mac OS X 10_14_6) AppleWebKit/605.1.15 (KHTML, like Gecko) Version/12.1.2 Safari/605.1.15"
::1 - - [17/Apr/2022:09:22:05 +0000] "GET /admin/tambah_barang HTTP/1.1" 304 - "http://localhost:3700/admin_page" "Mozilla/5.0 (Macintosh; Intel Mac OS X 10_14_6) AppleWebKit/605.1.15 (KHTML, like Gecko) Version/12.1.2 Safari/605.1.15"
::1 - - [17/Apr/2022:09:22:05 +0000] "GET /css/style.css HTTP/1.1" 304 - "http://localhost:3700/admin/tambah_barang" "Mozilla/5.0 (Macintosh; Intel Mac OS X 10_14_6) AppleWebKit/605.1.15 (KHTML, like Gecko) Version/12.1.2 Safari/605.1.15"
::1 - - [17/Apr/2022:09:26:39 +0000] "GET / HTTP/1.1" 200 4099 "-" "Mozilla/5.0 (Macintosh; Intel Mac OS X 10_14_6) AppleWebKit/605.1.15 (KHTML, like Gecko) Version/12.1.2 Safari/605.1.15"
::1 - - [17/Apr/2022:09:26:39 +0000] "GET /images/logo_wgs.png HTTP/1.1" 304 - "http://localhost:3700/" "Mozilla/5.0 (Macintosh; Intel Mac OS X 10_14_6) AppleWebKit/605.1.15 (KHTML, like Gecko) Version/12.1.2 Safari/605.1.15"
::1 - - [17/Apr/2022:09:26:39 +0000] "GET /images/logo_wgs.png HTTP/1.1" 304 - "http://localhost:3700/" "Mozilla/5.0 (Macintosh; Intel Mac OS X 10_14_6) AppleWebKit/605.1.15 (KHTML, like Gecko) Version/12.1.2 Safari/605.1.15"
::1 - - [17/Apr/2022:09:26:39 +0000] "GET /css/style.css HTTP/1.1" 304 - "http://localhost:3700/" "Mozilla/5.0 (Macintosh; Intel Mac OS X 10_14_6) AppleWebKit/605.1.15 (KHTML, like Gecko) Version/12.1.2 Safari/605.1.15"
::1 - - [17/Apr/2022:09:26:39 +0000] "GET /css/style.css HTTP/1.1" 304 - "http://localhost:3700/" "Mozilla/5.0 (Macintosh; Intel Mac OS X 10_14_6) AppleWebKit/605.1.15 (KHTML, like Gecko) Version/12.1.2 Safari/605.1.15"
::1 - - [17/Apr/2022:09:26:39 +0000] "GET /images/logo3.jpg HTTP/1.1" 304 - "http://localhost:3700/" "Mozilla/5.0 (Macintosh; Intel Mac OS X 10_14_6) AppleWebKit/605.1.15 (KHTML, like Gecko) Version/12.1.2 Safari/605.1.15"
::1 - - [17/Apr/2022:09:26:39 +0000] "GET /images/logo3.jpg HTTP/1.1" 304 - "http://localhost:3700/" "Mozilla/5.0 (Macintosh; Intel Mac OS X 10_14_6) AppleWebKit/605.1.15 (KHTML, like Gecko) Version/12.1.2 Safari/605.1.15"
::1 - - [17/Apr/2022:09:26:58 +0000] "GET /css/style.css HTTP/1.1" 304 - "http://localhost:3700/" "Mozilla/5.0 (Macintosh; Intel Mac OS X 10_14_6) AppleWebKit/605.1.15 (KHTML, like Gecko) Version/12.1.2 Safari/605.1.15"
::1 - - [17/Apr/2022:09:26:58 +0000] "GET /images/logo_wgs.png HTTP/1.1" 304 - "http://localhost:3700/" "Mozilla/5.0 (Macintosh; Intel Mac OS X 10_14_6) AppleWebKit/605.1.15 (KHTML, like Gecko) Version/12.1.2 Safari/605.1.15"
::1 - - [17/Apr/2022:09:26:58 +0000] "GET / HTTP/1.1" 304 - "-" "Mozilla/5.0 (Macintosh; Intel Mac OS X 10_14_6) AppleWebKit/605.1.15 (KHTML, like Gecko) Version/12.1.2 Safari/605.1.15"
::1 - - [17/Apr/2022:09:26:58 +0000] "GET /images/logo3.jpg HTTP/1.1" 304 - "http://localhost:3700/" "Mozilla/5.0 (Macintosh; Intel Mac OS X 10_14_6) AppleWebKit/605.1.15 (KHTML, like Gecko) Version/12.1.2 Safari/605.1.15"
::1 - - [17/Apr/2022:09:27:02 +0000] "GET /home HTTP/1.1" 304 - "-" "Mozilla/5.0 (Macintosh; Intel Mac OS X 10_14_6) AppleWebKit/605.1.15 (KHTML, like Gecko) Version/12.1.2 Safari/605.1.15"
::1 - - [17/Apr/2022:09:27:02 +0000] "GET /images/logo3.jpg HTTP/1.1" 304 - "http://localhost:3700/home" "Mozilla/5.0 (Macintosh; Intel Mac OS X 10_14_6) AppleWebKit/605.1.15 (KHTML, like Gecko) Version/12.1.2 Safari/605.1.15"
::1 - - [17/Apr/2022:09:27:02 +0000] "GET /css/style.css HTTP/1.1" 304 - "http://localhost:3700/home" "Mozilla/5.0 (Macintosh; Intel Mac OS X 10_14_6) AppleWebKit/605.1.15 (KHTML, like Gecko) Version/12.1.2 Safari/605.1.15"
::1 - - [17/Apr/2022:09:27:02 +0000] "GET /home HTTP/1.1" 304 - "-" "Mozilla/5.0 (Macintosh; Intel Mac OS X 10_14_6) AppleWebKit/605.1.15 (KHTML, like Gecko) Version/12.1.2 Safari/605.1.15"
::1 - - [17/Apr/2022:09:27:02 +0000] "GET /css/style.css HTTP/1.1" 304 - "http://localhost:3700/home" "Mozilla/5.0 (Macintosh; Intel Mac OS X 10_14_6) AppleWebKit/605.1.15 (KHTML, like Gecko) Version/12.1.2 Safari/605.1.15"
::1 - - [17/Apr/2022:09:27:02 +0000] "GET /images/logo3.jpg HTTP/1.1" 304 - "http://localhost:3700/home" "Mozilla/5.0 (Macintosh; Intel Mac OS X 10_14_6) AppleWebKit/605.1.15 (KHTML, like Gecko) Version/12.1.2 Safari/605.1.15"
::1 - - [17/Apr/2022:09:27:02 +0000] "GET /public/images/logo.jpg HTTP/1.1" - - "http://localhost:3700/home" "Mozilla/5.0 (Macintosh; Intel Mac OS X 10_14_6) AppleWebKit/605.1.15 (KHTML, like Gecko) Version/12.1.2 Safari/605.1.15"
::1 - - [17/Apr/2022:09:27:04 +0000] "GET /informasi_user HTTP/1.1" 304 - "http://localhost:3700/home" "Mozilla/5.0 (Macintosh; Intel Mac OS X 10_14_6) AppleWebKit/605.1.15 (KHTML, like Gecko) Version/12.1.2 Safari/605.1.15"
::1 - - [17/Apr/2022:09:27:04 +0000] "GET /css/style.css HTTP/1.1" 304 - "http://localhost:3700/informasi_user" "Mozilla/5.0 (Macintosh; Intel Mac OS X 10_14_6) AppleWebKit/605.1.15 (KHTML, like Gecko) Version/12.1.2 Safari/605.1.15"
::1 - - [17/Apr/2022:09:27:04 +0000] "GET /images/logo3.jpg HTTP/1.1" 304 - "http://localhost:3700/informasi_user" "Mozilla/5.0 (Macintosh; Intel Mac OS X 10_14_6) AppleWebKit/605.1.15 (KHTML, like Gecko) Version/12.1.2 Safari/605.1.15"
::1 - - [17/Apr/2022:09:28:02 +0000] "GET /public/images/logo.jpg HTTP/1.1" - - "http://localhost:3700/home" "Mozilla/5.0 (Macintosh; Intel Mac OS X 10_14_6) AppleWebKit/605.1.15 (KHTML, like Gecko) Version/12.1.2 Safari/605.1.15"
::1 - - [17/Apr/2022:09:31:28 +0000] "GET / HTTP/1.1" 304 - "-" "Mozilla/5.0 (Macintosh; Intel Mac OS X 10_14_6) AppleWebKit/605.1.15 (KHTML, like Gecko) Version/12.1.2 Safari/605.1.15"
::1 - - [17/Apr/2022:09:31:28 +0000] "GET /images/logo_wgs.png HTTP/1.1" 304 - "http://localhost:3700/" "Mozilla/5.0 (Macintosh; Intel Mac OS X 10_14_6) AppleWebKit/605.1.15 (KHTML, like Gecko) Version/12.1.2 Safari/605.1.15"
::1 - - [17/Apr/2022:09:31:28 +0000] "GET /css/style.css HTTP/1.1" 304 - "http://localhost:3700/" "Mozilla/5.0 (Macintosh; Intel Mac OS X 10_14_6) AppleWebKit/605.1.15 (KHTML, like Gecko) Version/12.1.2 Safari/605.1.15"
::1 - - [17/Apr/2022:09:31:28 +0000] "GET /images/logo3.jpg HTTP/1.1" 304 - "http://localhost:3700/" "Mozilla/5.0 (Macintosh; Intel Mac OS X 10_14_6) AppleWebKit/605.1.15 (KHTML, like Gecko) Version/12.1.2 Safari/605.1.15"
::1 - - [17/Apr/2022:09:31:28 +0000] "GET /css/style.css HTTP/1.1" 304 - "http://localhost:3700/" "Mozilla/5.0 (Macintosh; Intel Mac OS X 10_14_6) AppleWebKit/605.1.15 (KHTML, like Gecko) Version/12.1.2 Safari/605.1.15"
::1 - - [17/Apr/2022:09:31:28 +0000] "GET /images/logo3.jpg HTTP/1.1" 304 - "http://localhost:3700/" "Mozilla/5.0 (Macintosh; Intel Mac OS X 10_14_6) AppleWebKit/605.1.15 (KHTML, like Gecko) Version/12.1.2 Safari/605.1.15"
::1 - - [17/Apr/2022:09:31:31 +0000] "GET /css/style.css HTTP/1.1" 304 - "http://localhost:3700/" "Mozilla/5.0 (Macintosh; Intel Mac OS X 10_14_6) AppleWebKit/605.1.15 (KHTML, like Gecko) Version/12.1.2 Safari/605.1.15"
::1 - - [17/Apr/2022:09:31:31 +0000] "GET /images/logo_wgs.png HTTP/1.1" 304 - "http://localhost:3700/" "Mozilla/5.0 (Macintosh; Intel Mac OS X 10_14_6) AppleWebKit/605.1.15 (KHTML, like Gecko) Version/12.1.2 Safari/605.1.15"
::1 - - [17/Apr/2022:09:31:31 +0000] "GET / HTTP/1.1" 304 - "-" "Mozilla/5.0 (Macintosh; Intel Mac OS X 10_14_6) AppleWebKit/605.1.15 (KHTML, like Gecko) Version/12.1.2 Safari/605.1.15"
::1 - - [17/Apr/2022:09:31:31 +0000] "GET /images/logo3.jpg HTTP/1.1" 304 - "http://localhost:3700/" "Mozilla/5.0 (Macintosh; Intel Mac OS X 10_14_6) AppleWebKit/605.1.15 (KHTML, like Gecko) Version/12.1.2 Safari/605.1.15"
::1 - - [17/Apr/2022:09:31:33 +0000] "GET /admin_page HTTP/1.1" 304 - "-" "Mozilla/5.0 (Macintosh; Intel Mac OS X 10_14_6) AppleWebKit/605.1.15 (KHTML, like Gecko) Version/12.1.2 Safari/605.1.15"
::1 - - [17/Apr/2022:09:31:33 +0000] "GET /css/style.css HTTP/1.1" 304 - "http://localhost:3700/admin_page" "Mozilla/5.0 (Macintosh; Intel Mac OS X 10_14_6) AppleWebKit/605.1.15 (KHTML, like Gecko) Version/12.1.2 Safari/605.1.15"
::1 - - [17/Apr/2022:09:31:33 +0000] "GET /css/style.css HTTP/1.1" 304 - "http://localhost:3700/admin_page" "Mozilla/5.0 (Macintosh; Intel Mac OS X 10_14_6) AppleWebKit/605.1.15 (KHTML, like Gecko) Version/12.1.2 Safari/605.1.15"
::1 - - [17/Apr/2022:09:31:34 +0000] "GET /admin_page HTTP/1.1" 304 - "-" "Mozilla/5.0 (Macintosh; Intel Mac OS X 10_14_6) AppleWebKit/605.1.15 (KHTML, like Gecko) Version/12.1.2 Safari/605.1.15"
::1 - - [17/Apr/2022:09:31:34 +0000] "GET /css/style.css HTTP/1.1" 304 - "http://localhost:3700/admin_page" "Mozilla/5.0 (Macintosh; Intel Mac OS X 10_14_6) AppleWebKit/605.1.15 (KHTML, like Gecko) Version/12.1.2 Safari/605.1.15"
::1 - - [17/Apr/2022:09:31:34 +0000] "GET /css/style.css HTTP/1.1" 304 - "http://localhost:3700/admin_page" "Mozilla/5.0 (Macintosh; Intel Mac OS X 10_14_6) AppleWebKit/605.1.15 (KHTML, like Gecko) Version/12.1.2 Safari/605.1.15"
::1 - - [17/Apr/2022:09:31:35 +0000] "GET /admin/tambah_barang HTTP/1.1" 304 - "http://localhost:3700/admin_page" "Mozilla/5.0 (Macintosh; Intel Mac OS X 10_14_6) AppleWebKit/605.1.15 (KHTML, like Gecko) Version/12.1.2 Safari/605.1.15"
::1 - - [17/Apr/2022:09:31:35 +0000] "GET /css/style.css HTTP/1.1" 304 - "http://localhost:3700/admin/tambah_barang" "Mozilla/5.0 (Macintosh; Intel Mac OS X 10_14_6) AppleWebKit/605.1.15 (KHTML, like Gecko) Version/12.1.2 Safari/605.1.15"
::1 - - [17/Apr/2022:09:33:07 +0000] "GET / HTTP/1.1" 304 - "-" "Mozilla/5.0 (Macintosh; Intel Mac OS X 10_14_6) AppleWebKit/605.1.15 (KHTML, like Gecko) Version/12.1.2 Safari/605.1.15"
::1 - - [17/Apr/2022:09:33:07 +0000] "GET /css/style.css HTTP/1.1" 304 - "http://localhost:3700/" "Mozilla/5.0 (Macintosh; Intel Mac OS X 10_14_6) AppleWebKit/605.1.15 (KHTML, like Gecko) Version/12.1.2 Safari/605.1.15"
::1 - - [17/Apr/2022:09:33:07 +0000] "GET /images/logo3.jpg HTTP/1.1" 304 - "http://localhost:3700/" "Mozilla/5.0 (Macintosh; Intel Mac OS X 10_14_6) AppleWebKit/605.1.15 (KHTML, like Gecko) Version/12.1.2 Safari/605.1.15"
::1 - - [17/Apr/2022:09:33:07 +0000] "GET /images/logo_wgs.png HTTP/1.1" 304 - "http://localhost:3700/" "Mozilla/5.0 (Macintosh; Intel Mac OS X 10_14_6) AppleWebKit/605.1.15 (KHTML, like Gecko) Version/12.1.2 Safari/605.1.15"
::1 - - [17/Apr/2022:09:33:14 +0000] "GET /css/style.css HTTP/1.1" 304 - "http://localhost:3700/" "Mozilla/5.0 (Macintosh; Intel Mac OS X 10_14_6) AppleWebKit/605.1.15 (KHTML, like Gecko) Version/12.1.2 Safari/605.1.15"
::1 - - [17/Apr/2022:09:33:14 +0000] "GET /images/logo_wgs.png HTTP/1.1" 304 - "http://localhost:3700/" "Mozilla/5.0 (Macintosh; Intel Mac OS X 10_14_6) AppleWebKit/605.1.15 (KHTML, like Gecko) Version/12.1.2 Safari/605.1.15"
::1 - - [17/Apr/2022:09:33:14 +0000] "GET /images/logo3.jpg HTTP/1.1" 304 - "http://localhost:3700/" "Mozilla/5.0 (Macintosh; Intel Mac OS X 10_14_6) AppleWebKit/605.1.15 (KHTML, like Gecko) Version/12.1.2 Safari/605.1.15"
::1 - - [17/Apr/2022:09:33:14 +0000] "GET / HTTP/1.1" 304 - "-" "Mozilla/5.0 (Macintosh; Intel Mac OS X 10_14_6) AppleWebKit/605.1.15 (KHTML, like Gecko) Version/12.1.2 Safari/605.1.15"
::1 - - [17/Apr/2022:09:33:15 +0000] "GET /admin_page HTTP/1.1" 304 - "-" "Mozilla/5.0 (Macintosh; Intel Mac OS X 10_14_6) AppleWebKit/605.1.15 (KHTML, like Gecko) Version/12.1.2 Safari/605.1.15"
::1 - - [17/Apr/2022:09:33:15 +0000] "GET /css/style.css HTTP/1.1" 304 - "http://localhost:3700/admin_page" "Mozilla/5.0 (Macintosh; Intel Mac OS X 10_14_6) AppleWebKit/605.1.15 (KHTML, like Gecko) Version/12.1.2 Safari/605.1.15"
::1 - - [17/Apr/2022:09:33:15 +0000] "GET /admin_page HTTP/1.1" 304 - "-" "Mozilla/5.0 (Macintosh; Intel Mac OS X 10_14_6) AppleWebKit/605.1.15 (KHTML, like Gecko) Version/12.1.2 Safari/605.1.15"
::1 - - [17/Apr/2022:09:33:15 +0000] "GET /css/style.css HTTP/1.1" 304 - "http://localhost:3700/admin_page" "Mozilla/5.0 (Macintosh; Intel Mac OS X 10_14_6) AppleWebKit/605.1.15 (KHTML, like Gecko) Version/12.1.2 Safari/605.1.15"
::1 - - [17/Apr/2022:09:33:15 +0000] "GET /css/style.css HTTP/1.1" 304 - "http://localhost:3700/admin_page" "Mozilla/5.0 (Macintosh; Intel Mac OS X 10_14_6) AppleWebKit/605.1.15 (KHTML, like Gecko) Version/12.1.2 Safari/605.1.15"
::1 - - [17/Apr/2022:09:33:16 +0000] "GET /admin/tambah_barang HTTP/1.1" 200 2314 "http://localhost:3700/admin_page" "Mozilla/5.0 (Macintosh; Intel Mac OS X 10_14_6) AppleWebKit/605.1.15 (KHTML, like Gecko) Version/12.1.2 Safari/605.1.15"
::1 - - [17/Apr/2022:09:33:16 +0000] "GET /css/style.css HTTP/1.1" 304 - "http://localhost:3700/admin/tambah_barang" "Mozilla/5.0 (Macintosh; Intel Mac OS X 10_14_6) AppleWebKit/605.1.15 (KHTML, like Gecko) Version/12.1.2 Safari/605.1.15"
::1 - - [17/Apr/2022:09:35:30 +0000] "GET / HTTP/1.1" 304 - "-" "Mozilla/5.0 (Macintosh; Intel Mac OS X 10_14_6) AppleWebKit/605.1.15 (KHTML, like Gecko) Version/12.1.2 Safari/605.1.15"
::1 - - [17/Apr/2022:09:35:30 +0000] "GET /images/logo_wgs.png HTTP/1.1" 304 - "http://localhost:3700/" "Mozilla/5.0 (Macintosh; Intel Mac OS X 10_14_6) AppleWebKit/605.1.15 (KHTML, like Gecko) Version/12.1.2 Safari/605.1.15"
::1 - - [17/Apr/2022:09:35:30 +0000] "GET /css/style.css HTTP/1.1" 304 - "http://localhost:3700/" "Mozilla/5.0 (Macintosh; Intel Mac OS X 10_14_6) AppleWebKit/605.1.15 (KHTML, like Gecko) Version/12.1.2 Safari/605.1.15"
::1 - - [17/Apr/2022:09:35:30 +0000] "GET /images/logo3.jpg HTTP/1.1" 304 - "http://localhost:3700/" "Mozilla/5.0 (Macintosh; Intel Mac OS X 10_14_6) AppleWebKit/605.1.15 (KHTML, like Gecko) Version/12.1.2 Safari/605.1.15"
::1 - - [17/Apr/2022:09:35:38 +0000] "GET /css/style.css HTTP/1.1" 304 - "http://localhost:3700/" "Mozilla/5.0 (Macintosh; Intel Mac OS X 10_14_6) AppleWebKit/605.1.15 (KHTML, like Gecko) Version/12.1.2 Safari/605.1.15"
::1 - - [17/Apr/2022:09:35:38 +0000] "GET /images/logo_wgs.png HTTP/1.1" 304 - "http://localhost:3700/" "Mozilla/5.0 (Macintosh; Intel Mac OS X 10_14_6) AppleWebKit/605.1.15 (KHTML, like Gecko) Version/12.1.2 Safari/605.1.15"
::1 - - [17/Apr/2022:09:35:38 +0000] "GET / HTTP/1.1" 304 - "-" "Mozilla/5.0 (Macintosh; Intel Mac OS X 10_14_6) AppleWebKit/605.1.15 (KHTML, like Gecko) Version/12.1.2 Safari/605.1.15"
::1 - - [17/Apr/2022:09:35:38 +0000] "GET /images/logo3.jpg HTTP/1.1" 304 - "http://localhost:3700/" "Mozilla/5.0 (Macintosh; Intel Mac OS X 10_14_6) AppleWebKit/605.1.15 (KHTML, like Gecko) Version/12.1.2 Safari/605.1.15"
::1 - - [17/Apr/2022:09:35:39 +0000] "GET /admin_page HTTP/1.1" 304 - "-" "Mozilla/5.0 (Macintosh; Intel Mac OS X 10_14_6) AppleWebKit/605.1.15 (KHTML, like Gecko) Version/12.1.2 Safari/605.1.15"
::1 - - [17/Apr/2022:09:35:39 +0000] "GET /css/style.css HTTP/1.1" 304 - "http://localhost:3700/admin_page" "Mozilla/5.0 (Macintosh; Intel Mac OS X 10_14_6) AppleWebKit/605.1.15 (KHTML, like Gecko) Version/12.1.2 Safari/605.1.15"
::1 - - [17/Apr/2022:09:35:39 +0000] "GET /admin_page HTTP/1.1" 304 - "-" "Mozilla/5.0 (Macintosh; Intel Mac OS X 10_14_6) AppleWebKit/605.1.15 (KHTML, like Gecko) Version/12.1.2 Safari/605.1.15"
::1 - - [17/Apr/2022:09:35:39 +0000] "GET /css/style.css HTTP/1.1" 304 - "http://localhost:3700/admin_page" "Mozilla/5.0 (Macintosh; Intel Mac OS X 10_14_6) AppleWebKit/605.1.15 (KHTML, like Gecko) Version/12.1.2 Safari/605.1.15"
::1 - - [17/Apr/2022:09:35:39 +0000] "GET /css/style.css HTTP/1.1" 304 - "http://localhost:3700/admin_page" "Mozilla/5.0 (Macintosh; Intel Mac OS X 10_14_6) AppleWebKit/605.1.15 (KHTML, like Gecko) Version/12.1.2 Safari/605.1.15"
::1 - - [17/Apr/2022:09:35:40 +0000] "GET /admin/tambah_barang HTTP/1.1" 304 - "http://localhost:3700/admin_page" "Mozilla/5.0 (Macintosh; Intel Mac OS X 10_14_6) AppleWebKit/605.1.15 (KHTML, like Gecko) Version/12.1.2 Safari/605.1.15"
::1 - - [17/Apr/2022:09:35:40 +0000] "GET /css/style.css HTTP/1.1" 304 - "http://localhost:3700/admin/tambah_barang" "Mozilla/5.0 (Macintosh; Intel Mac OS X 10_14_6) AppleWebKit/605.1.15 (KHTML, like Gecko) Version/12.1.2 Safari/605.1.15"
::1 - - [17/Apr/2022:09:36:27 +0000] "POST /admin/tambah_barang HTTP/1.1" - - "http://localhost:3700/admin/tambah_barang" "Mozilla/5.0 (Macintosh; Intel Mac OS X 10_14_6) AppleWebKit/605.1.15 (KHTML, like Gecko) Version/12.1.2 Safari/605.1.15"
::1 - - [17/Apr/2022:09:36:27 +0000] "GET /admin_page HTTP/1.1" 304 - "http://localhost:3700/admin/tambah_barang" "Mozilla/5.0 (Macintosh; Intel Mac OS X 10_14_6) AppleWebKit/605.1.15 (KHTML, like Gecko) Version/12.1.2 Safari/605.1.15"
::1 - - [17/Apr/2022:09:36:27 +0000] "GET /css/style.css HTTP/1.1" 304 - "http://localhost:3700/admin_page" "Mozilla/5.0 (Macintosh; Intel Mac OS X 10_14_6) AppleWebKit/605.1.15 (KHTML, like Gecko) Version/12.1.2 Safari/605.1.15"
::1 - - [17/Apr/2022:09:36:29 +0000] "GET /admin/tambah_barang HTTP/1.1" 304 - "http://localhost:3700/admin_page" "Mozilla/5.0 (Macintosh; Intel Mac OS X 10_14_6) AppleWebKit/605.1.15 (KHTML, like Gecko) Version/12.1.2 Safari/605.1.15"
::1 - - [17/Apr/2022:09:36:29 +0000] "GET /css/style.css HTTP/1.1" 304 - "http://localhost:3700/admin/tambah_barang" "Mozilla/5.0 (Macintosh; Intel Mac OS X 10_14_6) AppleWebKit/605.1.15 (KHTML, like Gecko) Version/12.1.2 Safari/605.1.15"
::1 - - [17/Apr/2022:09:37:01 +0000] "GET / HTTP/1.1" 304 - "-" "Mozilla/5.0 (Macintosh; Intel Mac OS X 10_14_6) AppleWebKit/605.1.15 (KHTML, like Gecko) Version/12.1.2 Safari/605.1.15"
::1 - - [17/Apr/2022:09:37:01 +0000] "GET /css/style.css HTTP/1.1" 304 - "http://localhost:3700/" "Mozilla/5.0 (Macintosh; Intel Mac OS X 10_14_6) AppleWebKit/605.1.15 (KHTML, like Gecko) Version/12.1.2 Safari/605.1.15"
::1 - - [17/Apr/2022:09:37:01 +0000] "GET /images/logo_wgs.png HTTP/1.1" 304 - "http://localhost:3700/" "Mozilla/5.0 (Macintosh; Intel Mac OS X 10_14_6) AppleWebKit/605.1.15 (KHTML, like Gecko) Version/12.1.2 Safari/605.1.15"
::1 - - [17/Apr/2022:09:37:01 +0000] "GET /images/logo3.jpg HTTP/1.1" 304 - "http://localhost:3700/" "Mozilla/5.0 (Macintosh; Intel Mac OS X 10_14_6) AppleWebKit/605.1.15 (KHTML, like Gecko) Version/12.1.2 Safari/605.1.15"
::1 - - [17/Apr/2022:09:37:03 +0000] "GET / HTTP/1.1" 304 - "-" "Mozilla/5.0 (Macintosh; Intel Mac OS X 10_14_6) AppleWebKit/605.1.15 (KHTML, like Gecko) Version/12.1.2 Safari/605.1.15"
::1 - - [17/Apr/2022:09:37:03 +0000] "GET /css/style.css HTTP/1.1" 304 - "http://localhost:3700/" "Mozilla/5.0 (Macintosh; Intel Mac OS X 10_14_6) AppleWebKit/605.1.15 (KHTML, like Gecko) Version/12.1.2 Safari/605.1.15"
::1 - - [17/Apr/2022:09:37:03 +0000] "GET /images/logo3.jpg HTTP/1.1" 304 - "http://localhost:3700/" "Mozilla/5.0 (Macintosh; Intel Mac OS X 10_14_6) AppleWebKit/605.1.15 (KHTML, like Gecko) Version/12.1.2 Safari/605.1.15"
::1 - - [17/Apr/2022:09:37:03 +0000] "GET /css/style.css HTTP/1.1" 304 - "http://localhost:3700/" "Mozilla/5.0 (Macintosh; Intel Mac OS X 10_14_6) AppleWebKit/605.1.15 (KHTML, like Gecko) Version/12.1.2 Safari/605.1.15"
::1 - - [17/Apr/2022:09:37:03 +0000] "GET /images/logo_wgs.png HTTP/1.1" 304 - "http://localhost:3700/" "Mozilla/5.0 (Macintosh; Intel Mac OS X 10_14_6) AppleWebKit/605.1.15 (KHTML, like Gecko) Version/12.1.2 Safari/605.1.15"
::1 - - [17/Apr/2022:09:37:03 +0000] "GET /images/logo_wgs.png HTTP/1.1" 304 - "http://localhost:3700/" "Mozilla/5.0 (Macintosh; Intel Mac OS X 10_14_6) AppleWebKit/605.1.15 (KHTML, like Gecko) Version/12.1.2 Safari/605.1.15"
::1 - - [17/Apr/2022:09:37:03 +0000] "GET /images/logo3.jpg HTTP/1.1" 304 - "http://localhost:3700/" "Mozilla/5.0 (Macintosh; Intel Mac OS X 10_14_6) AppleWebKit/605.1.15 (KHTML, like Gecko) Version/12.1.2 Safari/605.1.15"
::1 - - [17/Apr/2022:09:37:03 +0000] "GET /css/style.css HTTP/1.1" 304 - "http://localhost:3700/admin_page" "Mozilla/5.0 (Macintosh; Intel Mac OS X 10_14_6) AppleWebKit/605.1.15 (KHTML, like Gecko) Version/12.1.2 Safari/605.1.15"
::1 - - [17/Apr/2022:09:37:03 +0000] "GET /admin_page HTTP/1.1" 304 - "-" "Mozilla/5.0 (Macintosh; Intel Mac OS X 10_14_6) AppleWebKit/605.1.15 (KHTML, like Gecko) Version/12.1.2 Safari/605.1.15"
::1 - - [17/Apr/2022:09:37:03 +0000] "GET /css/style.css HTTP/1.1" 304 - "http://localhost:3700/admin_page" "Mozilla/5.0 (Macintosh; Intel Mac OS X 10_14_6) AppleWebKit/605.1.15 (KHTML, like Gecko) Version/12.1.2 Safari/605.1.15"
::1 - - [17/Apr/2022:09:37:03 +0000] "GET /admin_page HTTP/1.1" 304 - "-" "Mozilla/5.0 (Macintosh; Intel Mac OS X 10_14_6) AppleWebKit/605.1.15 (KHTML, like Gecko) Version/12.1.2 Safari/605.1.15"
::1 - - [17/Apr/2022:09:37:03 +0000] "GET /css/style.css HTTP/1.1" 304 - "http://localhost:3700/admin_page" "Mozilla/5.0 (Macintosh; Intel Mac OS X 10_14_6) AppleWebKit/605.1.15 (KHTML, like Gecko) Version/12.1.2 Safari/605.1.15"
::1 - - [17/Apr/2022:09:37:03 +0000] "GET /css/style.css HTTP/1.1" 304 - "http://localhost:3700/admin_page" "Mozilla/5.0 (Macintosh; Intel Mac OS X 10_14_6) AppleWebKit/605.1.15 (KHTML, like Gecko) Version/12.1.2 Safari/605.1.15"
::1 - - [17/Apr/2022:09:37:06 +0000] "GET /admin/tambah_barang HTTP/1.1" 304 - "http://localhost:3700/admin_page" "Mozilla/5.0 (Macintosh; Intel Mac OS X 10_14_6) AppleWebKit/605.1.15 (KHTML, like Gecko) Version/12.1.2 Safari/605.1.15"
::1 - - [17/Apr/2022:09:37:06 +0000] "GET /css/style.css HTTP/1.1" 304 - "http://localhost:3700/admin/tambah_barang" "Mozilla/5.0 (Macintosh; Intel Mac OS X 10_14_6) AppleWebKit/605.1.15 (KHTML, like Gecko) Version/12.1.2 Safari/605.1.15"
::1 - - [17/Apr/2022:09:37:42 +0000] "GET / HTTP/1.1" 304 - "-" "Mozilla/5.0 (Macintosh; Intel Mac OS X 10_14_6) AppleWebKit/605.1.15 (KHTML, like Gecko) Version/12.1.2 Safari/605.1.15"
::1 - - [17/Apr/2022:09:37:42 +0000] "GET /images/logo_wgs.png HTTP/1.1" 304 - "http://localhost:3700/" "Mozilla/5.0 (Macintosh; Intel Mac OS X 10_14_6) AppleWebKit/605.1.15 (KHTML, like Gecko) Version/12.1.2 Safari/605.1.15"
::1 - - [17/Apr/2022:09:37:42 +0000] "GET /css/style.css HTTP/1.1" 304 - "http://localhost:3700/" "Mozilla/5.0 (Macintosh; Intel Mac OS X 10_14_6) AppleWebKit/605.1.15 (KHTML, like Gecko) Version/12.1.2 Safari/605.1.15"
::1 - - [17/Apr/2022:09:37:42 +0000] "GET /images/logo3.jpg HTTP/1.1" 304 - "http://localhost:3700/" "Mozilla/5.0 (Macintosh; Intel Mac OS X 10_14_6) AppleWebKit/605.1.15 (KHTML, like Gecko) Version/12.1.2 Safari/605.1.15"
::1 - - [17/Apr/2022:09:37:52 +0000] "GET /css/style.css HTTP/1.1" 304 - "http://localhost:3700/" "Mozilla/5.0 (Macintosh; Intel Mac OS X 10_14_6) AppleWebKit/605.1.15 (KHTML, like Gecko) Version/12.1.2 Safari/605.1.15"
::1 - - [17/Apr/2022:09:37:52 +0000] "GET /images/logo_wgs.png HTTP/1.1" 304 - "http://localhost:3700/" "Mozilla/5.0 (Macintosh; Intel Mac OS X 10_14_6) AppleWebKit/605.1.15 (KHTML, like Gecko) Version/12.1.2 Safari/605.1.15"
::1 - - [17/Apr/2022:09:37:52 +0000] "GET / HTTP/1.1" 304 - "-" "Mozilla/5.0 (Macintosh; Intel Mac OS X 10_14_6) AppleWebKit/605.1.15 (KHTML, like Gecko) Version/12.1.2 Safari/605.1.15"
::1 - - [17/Apr/2022:09:37:52 +0000] "GET /images/logo3.jpg HTTP/1.1" 304 - "http://localhost:3700/" "Mozilla/5.0 (Macintosh; Intel Mac OS X 10_14_6) AppleWebKit/605.1.15 (KHTML, like Gecko) Version/12.1.2 Safari/605.1.15"
::1 - - [17/Apr/2022:09:37:52 +0000] "GET /css/style.css HTTP/1.1" 304 - "http://localhost:3700/admin_page" "Mozilla/5.0 (Macintosh; Intel Mac OS X 10_14_6) AppleWebKit/605.1.15 (KHTML, like Gecko) Version/12.1.2 Safari/605.1.15"
::1 - - [17/Apr/2022:09:37:52 +0000] "GET /admin_page HTTP/1.1" 304 - "-" "Mozilla/5.0 (Macintosh; Intel Mac OS X 10_14_6) AppleWebKit/605.1.15 (KHTML, like Gecko) Version/12.1.2 Safari/605.1.15"
::1 - - [17/Apr/2022:09:37:52 +0000] "GET /admin_page HTTP/1.1" 304 - "-" "Mozilla/5.0 (Macintosh; Intel Mac OS X 10_14_6) AppleWebKit/605.1.15 (KHTML, like Gecko) Version/12.1.2 Safari/605.1.15"
::1 - - [17/Apr/2022:09:37:52 +0000] "GET /css/style.css HTTP/1.1" 304 - "http://localhost:3700/admin_page" "Mozilla/5.0 (Macintosh; Intel Mac OS X 10_14_6) AppleWebKit/605.1.15 (KHTML, like Gecko) Version/12.1.2 Safari/605.1.15"
::1 - - [17/Apr/2022:09:37:52 +0000] "GET /css/style.css HTTP/1.1" 304 - "http://localhost:3700/admin_page" "Mozilla/5.0 (Macintosh; Intel Mac OS X 10_14_6) AppleWebKit/605.1.15 (KHTML, like Gecko) Version/12.1.2 Safari/605.1.15"
::1 - - [17/Apr/2022:09:37:54 +0000] "GET /admin/tambah_barang HTTP/1.1" 304 - "http://localhost:3700/admin_page" "Mozilla/5.0 (Macintosh; Intel Mac OS X 10_14_6) AppleWebKit/605.1.15 (KHTML, like Gecko) Version/12.1.2 Safari/605.1.15"
::1 - - [17/Apr/2022:09:37:54 +0000] "GET /css/style.css HTTP/1.1" 304 - "http://localhost:3700/admin/tambah_barang" "Mozilla/5.0 (Macintosh; Intel Mac OS X 10_14_6) AppleWebKit/605.1.15 (KHTML, like Gecko) Version/12.1.2 Safari/605.1.15"
::1 - - [17/Apr/2022:09:38:07 +0000] "POST /admin/tambah_barang HTTP/1.1" 302 70 "http://localhost:3700/admin/tambah_barang" "Mozilla/5.0 (Macintosh; Intel Mac OS X 10_14_6) AppleWebKit/605.1.15 (KHTML, like Gecko) Version/12.1.2 Safari/605.1.15"
::1 - - [17/Apr/2022:09:38:07 +0000] "GET /admin/barang HTTP/1.1" 200 6444 "http://localhost:3700/admin/tambah_barang" "Mozilla/5.0 (Macintosh; Intel Mac OS X 10_14_6) AppleWebKit/605.1.15 (KHTML, like Gecko) Version/12.1.2 Safari/605.1.15"
::1 - - [17/Apr/2022:09:38:07 +0000] "GET /css/style.css HTTP/1.1" 304 - "http://localhost:3700/admin/barang" "Mozilla/5.0 (Macintosh; Intel Mac OS X 10_14_6) AppleWebKit/605.1.15 (KHTML, like Gecko) Version/12.1.2 Safari/605.1.15"
::1 - - [17/Apr/2022:09:38:07 +0000] "GET /images/logo3.jpg HTTP/1.1" 304 - "http://localhost:3700/admin/barang" "Mozilla/5.0 (Macintosh; Intel Mac OS X 10_14_6) AppleWebKit/605.1.15 (KHTML, like Gecko) Version/12.1.2 Safari/605.1.15"
::1 - - [17/Apr/2022:09:38:15 +0000] "GET /admin/barang/aoo HTTP/1.1" 200 3178 "http://localhost:3700/admin/barang" "Mozilla/5.0 (Macintosh; Intel Mac OS X 10_14_6) AppleWebKit/605.1.15 (KHTML, like Gecko) Version/12.1.2 Safari/605.1.15"
::1 - - [17/Apr/2022:09:38:15 +0000] "GET /css/style.css HTTP/1.1" 304 - "http://localhost:3700/admin/barang/aoo" "Mozilla/5.0 (Macintosh; Intel Mac OS X 10_14_6) AppleWebKit/605.1.15 (KHTML, like Gecko) Version/12.1.2 Safari/605.1.15"
::1 - - [17/Apr/2022:09:44:03 +0000] "GET /public/images/batik.jpg HTTP/1.1" - - "http://localhost:3700/admin/barang/aoo" "Mozilla/5.0 (Macintosh; Intel Mac OS X 10_14_6) AppleWebKit/605.1.15 (KHTML, like Gecko) Version/12.1.2 Safari/605.1.15"
::1 - - [17/Apr/2022:09:44:03 +0000] "GET /home HTTP/1.1" 304 - "http://localhost:3700/admin/barang/aoo" "Mozilla/5.0 (Macintosh; Intel Mac OS X 10_14_6) AppleWebKit/605.1.15 (KHTML, like Gecko) Version/12.1.2 Safari/605.1.15"
::1 - - [17/Apr/2022:09:44:03 +0000] "GET /css/style.css HTTP/1.1" 304 - "http://localhost:3700/home" "Mozilla/5.0 (Macintosh; Intel Mac OS X 10_14_6) AppleWebKit/605.1.15 (KHTML, like Gecko) Version/12.1.2 Safari/605.1.15"
::1 - - [17/Apr/2022:09:44:03 +0000] "GET /images/logo3.jpg HTTP/1.1" 304 - "http://localhost:3700/home" "Mozilla/5.0 (Macintosh; Intel Mac OS X 10_14_6) AppleWebKit/605.1.15 (KHTML, like Gecko) Version/12.1.2 Safari/605.1.15"
::1 - - [17/Apr/2022:09:44:08 +0000] "GET /home HTTP/1.1" 304 - "-" "Mozilla/5.0 (Macintosh; Intel Mac OS X 10_14_6) AppleWebKit/605.1.15 (KHTML, like Gecko) Version/12.1.2 Safari/605.1.15"
::1 - - [17/Apr/2022:09:44:08 +0000] "GET /css/style.css HTTP/1.1" 304 - "http://localhost:3700/home" "Mozilla/5.0 (Macintosh; Intel Mac OS X 10_14_6) AppleWebKit/605.1.15 (KHTML, like Gecko) Version/12.1.2 Safari/605.1.15"
::1 - - [17/Apr/2022:09:44:08 +0000] "GET /images/logo3.jpg HTTP/1.1" 304 - "http://localhost:3700/home" "Mozilla/5.0 (Macintosh; Intel Mac OS X 10_14_6) AppleWebKit/605.1.15 (KHTML, like Gecko) Version/12.1.2 Safari/605.1.15"
::1 - - [17/Apr/2022:09:44:09 +0000] "GET /css/style.css HTTP/1.1" 304 - "http://localhost:3700/" "Mozilla/5.0 (Macintosh; Intel Mac OS X 10_14_6) AppleWebKit/605.1.15 (KHTML, like Gecko) Version/12.1.2 Safari/605.1.15"
::1 - - [17/Apr/2022:09:44:09 +0000] "GET /images/logo3.jpg HTTP/1.1" 304 - "http://localhost:3700/" "Mozilla/5.0 (Macintosh; Intel Mac OS X 10_14_6) AppleWebKit/605.1.15 (KHTML, like Gecko) Version/12.1.2 Safari/605.1.15"
::1 - - [17/Apr/2022:09:44:09 +0000] "GET / HTTP/1.1" 304 - "-" "Mozilla/5.0 (Macintosh; Intel Mac OS X 10_14_6) AppleWebKit/605.1.15 (KHTML, like Gecko) Version/12.1.2 Safari/605.1.15"
::1 - - [17/Apr/2022:09:44:09 +0000] "GET /images/logo_wgs.png HTTP/1.1" 304 - "http://localhost:3700/" "Mozilla/5.0 (Macintosh; Intel Mac OS X 10_14_6) AppleWebKit/605.1.15 (KHTML, like Gecko) Version/12.1.2 Safari/605.1.15"
::1 - - [17/Apr/2022:09:44:09 +0000] "GET /admin_page HTTP/1.1" 304 - "-" "Mozilla/5.0 (Macintosh; Intel Mac OS X 10_14_6) AppleWebKit/605.1.15 (KHTML, like Gecko) Version/12.1.2 Safari/605.1.15"
::1 - - [17/Apr/2022:09:44:09 +0000] "GET /css/style.css HTTP/1.1" 304 - "http://localhost:3700/admin_page" "Mozilla/5.0 (Macintosh; Intel Mac OS X 10_14_6) AppleWebKit/605.1.15 (KHTML, like Gecko) Version/12.1.2 Safari/605.1.15"
::1 - - [17/Apr/2022:09:44:10 +0000] "GET /admin_page HTTP/1.1" 304 - "-" "Mozilla/5.0 (Macintosh; Intel Mac OS X 10_14_6) AppleWebKit/605.1.15 (KHTML, like Gecko) Version/12.1.2 Safari/605.1.15"
::1 - - [17/Apr/2022:09:44:10 +0000] "GET /css/style.css HTTP/1.1" 304 - "http://localhost:3700/admin_page" "Mozilla/5.0 (Macintosh; Intel Mac OS X 10_14_6) AppleWebKit/605.1.15 (KHTML, like Gecko) Version/12.1.2 Safari/605.1.15"
::1 - - [17/Apr/2022:09:44:11 +0000] "GET /admin/tambah_barang HTTP/1.1" 304 - "http://localhost:3700/admin_page" "Mozilla/5.0 (Macintosh; Intel Mac OS X 10_14_6) AppleWebKit/605.1.15 (KHTML, like Gecko) Version/12.1.2 Safari/605.1.15"
::1 - - [17/Apr/2022:09:44:11 +0000] "GET /css/style.css HTTP/1.1" 304 - "http://localhost:3700/admin/tambah_barang" "Mozilla/5.0 (Macintosh; Intel Mac OS X 10_14_6) AppleWebKit/605.1.15 (KHTML, like Gecko) Version/12.1.2 Safari/605.1.15"
::1 - - [17/Apr/2022:09:44:34 +0000] "POST /admin/tambah_barang HTTP/1.1" 302 70 "http://localhost:3700/admin/tambah_barang" "Mozilla/5.0 (Macintosh; Intel Mac OS X 10_14_6) AppleWebKit/605.1.15 (KHTML, like Gecko) Version/12.1.2 Safari/605.1.15"
::1 - - [17/Apr/2022:09:44:34 +0000] "GET /admin/barang HTTP/1.1" 200 6883 "http://localhost:3700/admin/tambah_barang" "Mozilla/5.0 (Macintosh; Intel Mac OS X 10_14_6) AppleWebKit/605.1.15 (KHTML, like Gecko) Version/12.1.2 Safari/605.1.15"
::1 - - [17/Apr/2022:09:44:34 +0000] "GET /css/style.css HTTP/1.1" 304 - "http://localhost:3700/admin/barang" "Mozilla/5.0 (Macintosh; Intel Mac OS X 10_14_6) AppleWebKit/605.1.15 (KHTML, like Gecko) Version/12.1.2 Safari/605.1.15"
::1 - - [17/Apr/2022:09:44:34 +0000] "GET /images/logo3.jpg HTTP/1.1" 304 - "http://localhost:3700/admin/barang" "Mozilla/5.0 (Macintosh; Intel Mac OS X 10_14_6) AppleWebKit/605.1.15 (KHTML, like Gecko) Version/12.1.2 Safari/605.1.15"
::1 - - [17/Apr/2022:09:45:04 +0000] "GET /public/images/logo.jpg HTTP/1.1" - - "http://localhost:3700/home" "Mozilla/5.0 (Macintosh; Intel Mac OS X 10_14_6) AppleWebKit/605.1.15 (KHTML, like Gecko) Version/12.1.2 Safari/605.1.15"
::1 - - [17/Apr/2022:09:48:50 +0000] "GET /admin/barang HTTP/1.1" 200 5597 "-" "Mozilla/5.0 (Macintosh; Intel Mac OS X 10_14_6) AppleWebKit/605.1.15 (KHTML, like Gecko) Version/12.1.2 Safari/605.1.15"
::1 - - [17/Apr/2022:09:48:50 +0000] "GET /css/style.css HTTP/1.1" 304 - "http://localhost:3700/admin/barang" "Mozilla/5.0 (Macintosh; Intel Mac OS X 10_14_6) AppleWebKit/605.1.15 (KHTML, like Gecko) Version/12.1.2 Safari/605.1.15"
::1 - - [17/Apr/2022:09:48:50 +0000] "GET /images/logo3.jpg HTTP/1.1" 304 - "http://localhost:3700/admin/barang" "Mozilla/5.0 (Macintosh; Intel Mac OS X 10_14_6) AppleWebKit/605.1.15 (KHTML, like Gecko) Version/12.1.2 Safari/605.1.15"
::1 - - [17/Apr/2022:09:48:55 +0000] "GET /admin/barang/A1001 HTTP/1.1" 200 3193 "http://localhost:3700/admin/barang" "Mozilla/5.0 (Macintosh; Intel Mac OS X 10_14_6) AppleWebKit/605.1.15 (KHTML, like Gecko) Version/12.1.2 Safari/605.1.15"
::1 - - [17/Apr/2022:09:48:55 +0000] "GET /css/style.css HTTP/1.1" 304 - "http://localhost:3700/admin/barang/A1001" "Mozilla/5.0 (Macintosh; Intel Mac OS X 10_14_6) AppleWebKit/605.1.15 (KHTML, like Gecko) Version/12.1.2 Safari/605.1.15"
::1 - - [17/Apr/2022:09:49:25 +0000] "GET /public/images/batik.jpg HTTP/1.1" - - "http://localhost:3700/admin/barang/A1001" "Mozilla/5.0 (Macintosh; Intel Mac OS X 10_14_6) AppleWebKit/605.1.15 (KHTML, like Gecko) Version/12.1.2 Safari/605.1.15"
::1 - - [17/Apr/2022:09:49:25 +0000] "GET /home HTTP/1.1" 304 - "http://localhost:3700/admin/barang/A1001" "Mozilla/5.0 (Macintosh; Intel Mac OS X 10_14_6) AppleWebKit/605.1.15 (KHTML, like Gecko) Version/12.1.2 Safari/605.1.15"
::1 - - [17/Apr/2022:09:49:25 +0000] "GET /css/style.css HTTP/1.1" 304 - "http://localhost:3700/home" "Mozilla/5.0 (Macintosh; Intel Mac OS X 10_14_6) AppleWebKit/605.1.15 (KHTML, like Gecko) Version/12.1.2 Safari/605.1.15"
::1 - - [17/Apr/2022:09:49:25 +0000] "GET /images/logo3.jpg HTTP/1.1" 304 - "http://localhost:3700/home" "Mozilla/5.0 (Macintosh; Intel Mac OS X 10_14_6) AppleWebKit/605.1.15 (KHTML, like Gecko) Version/12.1.2 Safari/605.1.15"
::1 - - [17/Apr/2022:09:49:32 +0000] "GET / HTTP/1.1" 304 - "-" "Mozilla/5.0 (Macintosh; Intel Mac OS X 10_14_6) AppleWebKit/605.1.15 (KHTML, like Gecko) Version/12.1.2 Safari/605.1.15"
::1 - - [17/Apr/2022:09:49:33 +0000] "GET /css/style.css HTTP/1.1" 304 - "http://localhost:3700/" "Mozilla/5.0 (Macintosh; Intel Mac OS X 10_14_6) AppleWebKit/605.1.15 (KHTML, like Gecko) Version/12.1.2 Safari/605.1.15"
::1 - - [17/Apr/2022:09:49:33 +0000] "GET /images/logo3.jpg HTTP/1.1" 304 - "http://localhost:3700/" "Mozilla/5.0 (Macintosh; Intel Mac OS X 10_14_6) AppleWebKit/605.1.15 (KHTML, like Gecko) Version/12.1.2 Safari/605.1.15"
::1 - - [17/Apr/2022:09:49:33 +0000] "GET /images/logo_wgs.png HTTP/1.1" 304 - "http://localhost:3700/" "Mozilla/5.0 (Macintosh; Intel Mac OS X 10_14_6) AppleWebKit/605.1.15 (KHTML, like Gecko) Version/12.1.2 Safari/605.1.15"
::1 - - [17/Apr/2022:09:49:33 +0000] "GET /images/logo3.jpg HTTP/1.1" 304 - "http://localhost:3700/" "Mozilla/5.0 (Macintosh; Intel Mac OS X 10_14_6) AppleWebKit/605.1.15 (KHTML, like Gecko) Version/12.1.2 Safari/605.1.15"
::1 - - [17/Apr/2022:09:49:33 +0000] "GET /images/logo_wgs.png HTTP/1.1" 304 - "http://localhost:3700/" "Mozilla/5.0 (Macintosh; Intel Mac OS X 10_14_6) AppleWebKit/605.1.15 (KHTML, like Gecko) Version/12.1.2 Safari/605.1.15"
::1 - - [17/Apr/2022:09:49:34 +0000] "GET /home HTTP/1.1" 304 - "-" "Mozilla/5.0 (Macintosh; Intel Mac OS X 10_14_6) AppleWebKit/605.1.15 (KHTML, like Gecko) Version/12.1.2 Safari/605.1.15"
::1 - - [17/Apr/2022:09:49:34 +0000] "GET /css/style.css HTTP/1.1" 304 - "http://localhost:3700/home" "Mozilla/5.0 (Macintosh; Intel Mac OS X 10_14_6) AppleWebKit/605.1.15 (KHTML, like Gecko) Version/12.1.2 Safari/605.1.15"
::1 - - [17/Apr/2022:09:49:34 +0000] "GET /images/logo3.jpg HTTP/1.1" 304 - "http://localhost:3700/home" "Mozilla/5.0 (Macintosh; Intel Mac OS X 10_14_6) AppleWebKit/605.1.15 (KHTML, like Gecko) Version/12.1.2 Safari/605.1.15"
::1 - - [17/Apr/2022:09:49:34 +0000] "GET /images/logo3.jpg HTTP/1.1" 304 - "http://localhost:3700/home" "Mozilla/5.0 (Macintosh; Intel Mac OS X 10_14_6) AppleWebKit/605.1.15 (KHTML, like Gecko) Version/12.1.2 Safari/605.1.15"
::1 - - [17/Apr/2022:09:49:37 +0000] "GET /admin_page HTTP/1.1" 304 - "-" "Mozilla/5.0 (Macintosh; Intel Mac OS X 10_14_6) AppleWebKit/605.1.15 (KHTML, like Gecko) Version/12.1.2 Safari/605.1.15"
::1 - - [17/Apr/2022:09:49:37 +0000] "GET /css/style.css HTTP/1.1" 304 - "http://localhost:3700/admin_page" "Mozilla/5.0 (Macintosh; Intel Mac OS X 10_14_6) AppleWebKit/605.1.15 (KHTML, like Gecko) Version/12.1.2 Safari/605.1.15"
::1 - - [17/Apr/2022:09:49:37 +0000] "GET /css/style.css HTTP/1.1" 304 - "http://localhost:3700/admin_page" "Mozilla/5.0 (Macintosh; Intel Mac OS X 10_14_6) AppleWebKit/605.1.15 (KHTML, like Gecko) Version/12.1.2 Safari/605.1.15"
::1 - - [17/Apr/2022:09:49:37 +0000] "GET /public/images/logo.jpg HTTP/1.1" - - "http://localhost:3700/home" "Mozilla/5.0 (Macintosh; Intel Mac OS X 10_14_6) AppleWebKit/605.1.15 (KHTML, like Gecko) Version/12.1.2 Safari/605.1.15"
::1 - - [17/Apr/2022:09:49:37 +0000] "GET /admin_page HTTP/1.1" 304 - "-" "Mozilla/5.0 (Macintosh; Intel Mac OS X 10_14_6) AppleWebKit/605.1.15 (KHTML, like Gecko) Version/12.1.2 Safari/605.1.15"
::1 - - [17/Apr/2022:09:49:37 +0000] "GET /css/style.css HTTP/1.1" 304 - "http://localhost:3700/admin_page" "Mozilla/5.0 (Macintosh; Intel Mac OS X 10_14_6) AppleWebKit/605.1.15 (KHTML, like Gecko) Version/12.1.2 Safari/605.1.15"
::1 - - [17/Apr/2022:09:49:39 +0000] "GET /admin/tambah_barang HTTP/1.1" 304 - "http://localhost:3700/admin_page" "Mozilla/5.0 (Macintosh; Intel Mac OS X 10_14_6) AppleWebKit/605.1.15 (KHTML, like Gecko) Version/12.1.2 Safari/605.1.15"
::1 - - [17/Apr/2022:09:49:39 +0000] "GET /css/style.css HTTP/1.1" 304 - "http://localhost:3700/admin/tambah_barang" "Mozilla/5.0 (Macintosh; Intel Mac OS X 10_14_6) AppleWebKit/605.1.15 (KHTML, like Gecko) Version/12.1.2 Safari/605.1.15"
::1 - - [17/Apr/2022:09:49:42 +0000] "GET /admin/barang HTTP/1.1" 304 - "http://localhost:3700/admin_page" "Mozilla/5.0 (Macintosh; Intel Mac OS X 10_14_6) AppleWebKit/605.1.15 (KHTML, like Gecko) Version/12.1.2 Safari/605.1.15"
::1 - - [17/Apr/2022:09:49:42 +0000] "GET /css/style.css HTTP/1.1" 304 - "http://localhost:3700/admin/barang" "Mozilla/5.0 (Macintosh; Intel Mac OS X 10_14_6) AppleWebKit/605.1.15 (KHTML, like Gecko) Version/12.1.2 Safari/605.1.15"
::1 - - [17/Apr/2022:09:49:42 +0000] "GET /images/logo3.jpg HTTP/1.1" 304 - "http://localhost:3700/admin/barang" "Mozilla/5.0 (Macintosh; Intel Mac OS X 10_14_6) AppleWebKit/605.1.15 (KHTML, like Gecko) Version/12.1.2 Safari/605.1.15"
::1 - - [17/Apr/2022:09:50:34 +0000] "GET /public/images/logo.jpg HTTP/1.1" - - "http://localhost:3700/home" "Mozilla/5.0 (Macintosh; Intel Mac OS X 10_14_6) AppleWebKit/605.1.15 (KHTML, like Gecko) Version/12.1.2 Safari/605.1.15"
